

               имммммммммммммммммммммммммммммммммммммммммммммммм╩
               ╨         A N A L Y S I S   O F   W I R E        ╨
               ╨  A N T E N N A S   A N D   S C A T T E R E R S ╨
               хмммммммммммммммммммммммммммммммммммммммммммммммм╪


 имммммммммммммммммммммммммммммммммммммммммммммммммммммммммммммммммммммммммммм╩
 ╨                                                                            ╨
 ╨                                                                            ╨
 ╨                                                                            ╨
 хмммммммммммммммммммммммммммммммммммммммммммммммммммммммммммммммммммммммммммм╪


                              TRANSMITTING ANTENNA


                                  имммммммммм╩
                                  ╨INPUT DATA╨
                                  хмммммммммм╪

                                    TOPOLOGY
                                    дддддддд

                               GROUND NOT PRESENT
                               NUMBER OF NODES    6
                             NUMBER OF SEGMENTS    5
                               NUMBER OF PORTS   4

                                     NODES
                    зддддбддддддддддбддддддддддбдддддддддд©
                    Ё  # Ё  x [mm]  Ё  y [mm]  Ё  z [mm]  Ё
                    фммммьммммммммммьммммммммммьмммммммммм╣
                    Ё   1Ё     0.000Ё     0.000Ё   416.000Ё
                    цддддеддддддддддеддддддддддедддддддддд╢
                    Ё   2Ё     0.000Ё     0.000Ё   250.000Ё
                    цддддеддддддддддеддддддддддедддддддддд╢
                    Ё   3Ё     0.000Ё     0.000Ё    83.000Ё
                    цддддеддддддддддеддддддддддедддддддддд╢
                    Ё   4Ё     0.000Ё     0.000Ё   -83.000Ё
                    цддддеддддддддддеддддддддддедддддддддд╢
                    Ё   5Ё     0.000Ё     0.000Ё  -250.000Ё
                    цддддеддддддддддеддддддддддедддддддддд╢
                    Ё   6Ё     0.000Ё     0.000Ё  -416.000Ё
                    юддддаддддддддддаддддддддддадддддддддды

                                    SEGMENTS
     зддддбдддддддддбддддддбддддддбдддддддддддддддддддддддбддддддбддддддд©
     Ё  # Ё   node  ЁlengthЁradiusЁ         loadings      Ё   Е  Ё Ports Ё
     Ё    Ё  a Ё  b Ё [mm] Ё [mm] Ё   Za  Ё   Zb  Ё   Zd  Ё[ S/m]Ё a Ё b Ё
     фммммьммммьммммьммммммьммммммьмммммммьмммммммьмммммммьммммммьмммьммм╣
     Ё   1Ё   1Ё   2Ё166.00Ё1.0000Ё       Ё       Ё       Ё      Ё   Ё   Ё
     цддддеддддеддддеддддддеддддддедддддддедддддддедддддддеддддддедддеддд╢
     Ё   2Ё   2Ё   3Ё167.00Ё1.0000Ё       Ё       Ё       Ё      Ё  1Ё   Ё
     цддддеддддеддддеддддддеддддддедддддддедддддддедддддддеддддддедддеддд╢
     Ё   3Ё   3Ё   4Ё166.00Ё1.0000Ё       Ё       Ё       Ё      Ё  2Ё   Ё
     цддддеддддеддддеддддддеддддддедддддддедддддддедддддддеддддддедддеддд╢
     Ё   4Ё   4Ё   5Ё167.00Ё1.0000Ё       Ё       Ё       Ё      Ё  3Ё   Ё
     цддддеддддеддддеддддддеддддддедддддддедддддддедддддддеддддддедддеддд╢
     Ё   5Ё   5Ё   6Ё166.00Ё1.0000Ё       Ё       Ё       Ё      Ё  4Ё   Ё
     юддддаддддаддддаддддддаддддддадддддддадддддддадддддддаддддддадддаддды

                                     PORTS
  здддбдддддбдддддддбдддддддддддддддддддддддбдддддддддддддддддддддддбддддддддд©
  Ё # Ёseg.#Ё type  Ё       Emf [ V]        Ё        Is [mA]        Ё Zc [ Й] Ё
  фмммьмммммьмммммммьмммммммммммммммммммммммьмммммммммммммммммммммммьммммммммм╣
  Ё  1Ё   2aЁcurrentЁ(          ,          )Ё(   110.000,     0.000)Ё   50.000Ё
  цдддедддддедддддддедддддддддддддддддддддддедддддддддддддддддддддддеддддддддд╢
  Ё  2Ё   3aЁcurrentЁ(          ,          )Ё(   110.000,     0.000)Ё   50.000Ё
  цдддедддддедддддддедддддддддддддддддддддддедддддддддддддддддддддддеддддддддд╢
  Ё  3Ё   4aЁcurrentЁ(          ,          )Ё(   110.000,     0.000)Ё   50.000Ё
  цдддедддддедддддддедддддддддддддддддддддддедддддддддддддддддддддддеддддддддд╢
  Ё  4Ё   5aЁcurrentЁ(          ,          )Ё(   110.000,     0.000)Ё   50.000Ё
  юдддадддддадддддддадддддддддддддддддддддддадддддддддддддддддддддддаддддддддды


                                   FREQUENCY
                                   ддддддддд
                   здддддддддддбддддддддддбддддддддддбддддд©
                   Ёstart [MHz]Ёstop [MHz]Ёstep [MHz]ЁstepsЁ
                   фмммммммммммьммммммммммьммммммммммьммммм╣
                   Ё    900.000Ё   900.000Ё     0.000Ё   0 Ё
                   юдддддддддддаддддддддддаддддддддддаддддды

                               NEAR FIELD POINTS
                               ддддддддддддддддд
                   здбдддддддддддддддддддддддддддддддддддддд©
                   Ё#Ё                 x/y/z                Ё
                   Ё Ёstart [ m]Ёstop [ m] Ёstep [ m] ЁstepsЁ
                   фмьммммммммммьммммммммммьммммммммммьммммм╣
                   Ё1Ё     0.900Ё    30.000Ё     0.291Ё 100 Ё
                   Ё Ё     0.000Ё     0.000Ё     0.000Ё   0 Ё
                   Ё Ё     0.000Ё     0.000Ё     0.000Ё   0 Ё
                   юдаддддддддддаддддддддддаддддддддддаддддды

                              FAR FIELD DIRECTIONS
                              дддддддддддддддддддд
       здбддддддддддддддддддддддддддддддбдддддддддддддддддддддддддддддд©
       Ё#Ё               И              Ё               М              Ё
       Ё Ёstart[Ь]Ёstop[Ь]Ёstep[Ь]ЁstepsЁstart[Ь]Ёstop[Ь]Ёstep[Ь]ЁstepsЁ
       фмьммммммммьмммммммьмммммммьмммммьммммммммьмммммммьмммммммьммммм╣
       Ё1Ё  -90.00Ё  90.00Ё   6.00Ё  30 Ё    0.00Ё   0.00Ё   0.00Ё   0 Ё
       юдаддддддддадддддддадддддддадддддаддддддддадддддддадддддддаддддды



                                   иммммммм╩
                                   ╨RESULTS╨
                                   хммммммм╪


                            зддддддддддддддддддддд©
                            ЁFREQUENCY  900.00 MHzЁ
                            ЁWAVELENGTH  333.10 mmЁ
                            тммммммммммммммммммммм╬

                           MODIFICATION OF INPUT DATA
                           дддддддддддддддддддддддддд

                                    SEGMENTS
зддддбдддддддддбдбддддддбддддддбдддддддддддддддддддддддддддддддддддддддддддддддддд©
Ё  # Ё   node  ЁpЁlengthЁradiusЁ                 impedances [ Й]                  Ё
Ё    Ё  a Ё  b ЁdЁ [mm] Ё [mm] Ё       Za       Ё       Zb       Ё       Zd       Ё
фммммьммммьммммьмьммммммьммммммьммммммммммммммммьммммммммммммммммьмммммммммммммммм╣
Ё   1Ё   1Ё   2Ё8Ё166.00Ё1.0000Ё( 0.000,  0.000)Ё( 0.000,  0.000)Ё( 0.000,  0.000)Ё
цддддеддддеддддедеддддддеддддддеддддддддддддддддеддддддддддддддддедддддддддддддддд╢
Ё   2Ё   2Ё   3Ё8Ё167.00Ё1.0000Ё( 0.000,  0.000)Ё( 0.000,  0.000)Ё( 0.000,  0.000)Ё
цддддеддддеддддедеддддддеддддддеддддддддддддддддеддддддддддддддддедддддддддддддддд╢
Ё   3Ё   3Ё   4Ё8Ё166.00Ё1.0000Ё( 0.000,  0.000)Ё( 0.000,  0.000)Ё( 0.000,  0.000)Ё
цддддеддддеддддедеддддддеддддддеддддддддддддддддеддддддддддддддддедддддддддддддддд╢
Ё   4Ё   4Ё   5Ё8Ё167.00Ё1.0000Ё( 0.000,  0.000)Ё( 0.000,  0.000)Ё( 0.000,  0.000)Ё
цддддеддддеддддедеддддддеддддддеддддддддддддддддеддддддддддддддддедддддддддддддддд╢
Ё   5Ё   5Ё   6Ё8Ё166.00Ё1.0000Ё( 0.000,  0.000)Ё( 0.000,  0.000)Ё( 0.000,  0.000)Ё
юддддаддддаддддададдддддаддддддаддддддддддддддддаддддддддддддддддадддддддддддддддды


                               SCATTERING MATRIX
                               ддддддддддддддддд
       здддбдддбдддддддддддддддддддддддбдддбдддбддддддддддддддддддддддд©
       Ё i Ё j Ё        s(i,j)         Ё i Ё j Ё        s(i,j)         Ё
       фмммьмммьмммммммммммммммммммммммьмммьмммьммммммммммммммммммммммм╣
       Ё  1Ё  1Ё( 9.200E-01,-8.751E-02)Ё  1Ё  2Ё( 3.278E-02, 1.963E-02)Ё
       цдддедддедддддддддддддддддддддддедддедддеддддддддддддддддддддддд╢
       Ё  1Ё  3Ё(-2.361E-02,-1.743E-02)Ё  1Ё  4Ё( 1.718E-02, 1.461E-02)Ё
       фмммьмммьмммммммммммммммммммммммьмммьмммьммммммммммммммммммммммм╣
       Ё  2Ё  1Ё( 3.281E-02, 1.992E-02)Ё  2Ё  2Ё( 9.125E-01,-8.791E-02)Ё
       цдддедддедддддддддддддддддддддддедддедддеддддддддддддддддддддддд╢
       Ё  2Ё  3Ё( 3.591E-02, 2.279E-02)Ё  2Ё  4Ё(-2.361E-02,-1.768E-02)Ё
       фмммьмммьмммммммммммммммммммммммьмммьмммьммммммммммммммммммммммм╣
       Ё  3Ё  1Ё(-2.361E-02,-1.768E-02)Ё  3Ё  2Ё( 3.592E-02, 2.278E-02)Ё
       цдддедддедддддддддддддддддддддддедддедддеддддддддддддддддддддддд╢
       Ё  3Ё  3Ё( 9.125E-01,-8.791E-02)Ё  3Ё  4Ё( 3.281E-02, 1.992E-02)Ё
       фмммьмммьмммммммммммммммммммммммьмммьмммьммммммммммммммммммммммм╣
       Ё  4Ё  1Ё( 1.718E-02, 1.461E-02)Ё  4Ё  2Ё(-2.361E-02,-1.743E-02)Ё
       цдддедддедддддддддддддддддддддддедддедддеддддддддддддддддддддддд╢
       Ё  4Ё  3Ё( 3.278E-02, 1.963E-02)Ё  4Ё  4Ё( 9.200E-01,-8.752E-02)Ё
       юдддадддадддддддддддддддддддддддадддадддаддддддддддддддддддддддды

                               ADMITTANCE MATRIX
                               ддддддддддддддддд
       здддбдддбдддддддддддддддддддддддбдддбдддбддддддддддддддддддддддд©
       Ё i Ё j Ё       y(i,j) [S]      Ё i Ё j Ё       y(i,j) [S]      Ё
       фмммьмммьмммммммммммммммммммммммьмммьмммьммммммммммммммммммммммм╣
       Ё  1Ё  1Ё( 7.935E-04, 9.636E-04)Ё  1Ё  2Ё(-3.370E-04,-2.565E-04)Ё
       цдддедддедддддддддддддддддддддддедддедддеддддддддддддддддддддддд╢
       Ё  1Ё  3Ё( 2.418E-04, 2.263E-04)Ё  1Ё  4Ё(-1.738E-04,-1.875E-04)Ё
       фмммьмммьмммммммммммммммммммммммьмммьмммьммммммммммммммммммммммм╣
       Ё  2Ё  1Ё(-3.369E-04,-2.597E-04)Ё  2Ё  2Ё( 8.774E-04, 9.826E-04)Ё
       цдддедддедддддддддддддддддддддддедддедддеддддддддддддддддддддддд╢
       Ё  2Ё  3Ё(-3.703E-04,-2.969E-04)Ё  2Ё  4Ё( 2.415E-04, 2.292E-04)Ё
       фмммьмммьмммммммммммммммммммммммьмммьмммьммммммммммммммммммммммм╣
       Ё  3Ё  1Ё( 2.415E-04, 2.291E-04)Ё  3Ё  2Ё(-3.703E-04,-2.969E-04)Ё
       цдддедддедддддддддддддддддддддддедддедддеддддддддддддддддддддддд╢
       Ё  3Ё  3Ё( 8.774E-04, 9.826E-04)Ё  3Ё  4Ё(-3.369E-04,-2.597E-04)Ё
       фмммьмммьмммммммммммммммммммммммьмммьмммьммммммммммммммммммммммм╣
       Ё  4Ё  1Ё(-1.738E-04,-1.874E-04)Ё  4Ё  2Ё( 2.418E-04, 2.263E-04)Ё
       цдддедддедддддддддддддддддддддддедддедддеддддддддддддддддддддддд╢
       Ё  4Ё  3Ё(-3.370E-04,-2.564E-04)Ё  4Ё  4Ё( 7.935E-04, 9.637E-04)Ё
       юдддадддадддддддддддддддддддддддадддадддаддддддддддддддддддддддды

                                IMPEDANCE MATRIX
                                дддддддддддддддд
       здддбдддбдддддддддддддддддддддддбдддбдддбддддддддддддддддддддддд©
       Ё i Ё j Ё       z(i,j) [Й]      Ё i Ё j Ё       z(i,j) [Й]      Ё
       фмммьмммьмммммммммммммммммммммммьмммьмммьммммммммммммммммммммммм╣
       Ё  1Ё  1Ё( 5.556E+02,-7.362E+02)Ё  1Ё  2Ё( 9.010E+01,-2.114E+02)Ё
       цдддедддедддддддддддддддддддддддедддедддеддддддддддддддддддддддд╢
       Ё  1Ё  3Ё(-8.594E+01, 9.314E+01)Ё  1Ё  4Ё( 6.632E+01,-6.078E+01)Ё
       фмммьмммьмммммммммммммммммммммммьмммьмммьммммммммммммммммммммммм╣
       Ё  2Ё  1Ё( 9.170E+01,-2.117E+02)Ё  2Ё  2Ё( 5.710E+02,-7.453E+02)Ё
       цдддедддедддддддддддддддддддддддедддедддеддддддддддддддддддддддд╢
       Ё  2Ё  3Ё( 1.185E+02,-2.090E+02)Ё  2Ё  4Ё(-8.712E+01, 9.309E+01)Ё
       фмммьмммьмммммммммммммммммммммммьмммьмммьммммммммммммммммммммммм╣
       Ё  3Ё  1Ё(-8.712E+01, 9.310E+01)Ё  3Ё  2Ё( 1.185E+02,-2.090E+02)Ё
       цдддедддедддддддддддддддддддддддедддедддеддддддддддддддддддддддд╢
       Ё  3Ё  3Ё( 5.710E+02,-7.453E+02)Ё  3Ё  4Ё( 9.172E+01,-2.117E+02)Ё
       фмммьмммьмммммммммммммммммммммммьмммьмммьммммммммммммммммммммммм╣
       Ё  4Ё  1Ё( 6.631E+01,-6.079E+01)Ё  4Ё  2Ё(-8.594E+01, 9.313E+01)Ё
       цдддедддедддддддддддддддддддддддедддедддеддддддддддддддддддддддд╢
       Ё  4Ё  3Ё( 9.004E+01,-2.114E+02)Ё  4Ё  4Ё( 5.555E+02,-7.362E+02)Ё
       юдддадддадддддддддддддддддддддддадддадддаддддддддддддддддддддддды


                        ALL PORTS EXCITED SIMULTANEOUSLY
                        дддддддддддддддддддддддддддддддд


              COEFFICIENTS OF POLYNOMIAL APPROXIMATION OF CURRENT
              ддддддддддддддддддддддддддддддддддддддддддддддддддд
здддддддбдддддддддддддддддддддддбддддддддддддддддддддддддддддддддддддддддддддддд©
Ё seg. #Ё       Ia/Ib [A]       Ё                coefficients [A]               Ё
Ё sub.ofЁ                       Ё                                               Ё
фмммммммьмммммммммммммммммммммммьммммммммммммммммммммммммммммммммммммммммммммммм╣
Ё    1  Ё( 0.000E+00, 0.000E+00)Ё( 0.000E+00, 0.000E+00) (-3.857E-01,-2.272E-01)Ё
Ё 1/   1Ё( 1.100E-01,-5.960E-08)Ё( 1.448E+00, 8.313E-01) (-7.550E+00,-4.955E+00)Ё
Ё       Ё                       Ё( 2.747E+01, 1.812E+01) (-5.747E+01,-3.820E+01)Ё
Ё       Ё                       Ё( 7.026E+01, 4.706E+01) (-4.652E+01,-3.133E+01)Ё
Ё       Ё                       Ё( 1.287E+01, 8.693E+00)                        Ё
цдддддддедддддддддддддддддддддддеддддддддддддддддддддддддддддддддддддддддддддддд╢
Ё    2  Ё( 1.100E-01,-5.960E-08)Ё( 1.100E-01,-5.960E-08) (-1.839E+00,-1.374E+00)Ё
Ё 1/   2Ё( 1.100E-01, 5.960E-08)Ё( 6.335E+00, 4.370E+00) (-2.654E+01,-1.782E+01)Ё
Ё       Ё                       Ё( 7.833E+01, 5.276E+01) (-1.380E+02,-9.268E+01)Ё
Ё       Ё                       Ё( 1.465E+02, 9.786E+01) (-8.664E+01,-5.763E+01)Ё
Ё       Ё                       Ё( 2.190E+01, 1.451E+01)                        Ё
цдддддддедддддддддддддддддддддддеддддддддддддддддддддддддддддддддддддддддддддддд╢
Ё    3  Ё( 1.100E-01, 5.960E-08)Ё( 1.100E-01, 5.960E-08) (-1.565E+00,-8.794E-01)Ё
Ё 1/   3Ё( 1.100E-01, 0.000E+00)Ё( 7.353E+00, 4.735E+00) (-3.114E+01,-2.031E+01)Ё
Ё       Ё                       Ё( 8.800E+01, 5.685E+01) (-1.527E+02,-9.858E+01)Ё
Ё       Ё                       Ё( 1.606E+02, 1.038E+02) (-9.404E+01,-6.078E+01)Ё
Ё       Ё                       Ё( 2.351E+01, 1.520E+01)                        Ё
цдддддддедддддддддддддддддддддддеддддддддддддддддддддддддддддддддддддддддддддддд╢
Ё    4  Ё( 1.100E-01, 0.000E+00)Ё( 1.100E-01, 0.000E+00) (-1.983E+00,-1.411E+00)Ё
Ё 1/   4Ё( 1.100E-01, 1.192E-07)Ё( 7.314E+00, 4.726E+00) (-2.996E+01,-1.928E+01)Ё
Ё       Ё                       Ё( 8.579E+01, 5.600E+01) (-1.476E+02,-9.679E+01)Ё
Ё       Ё                       Ё( 1.530E+02, 1.006E+02) (-8.841E+01,-5.839E+01)Ё
Ё       Ё                       Ё( 2.186E+01, 1.449E+01)                        Ё
цдддддддедддддддддддддддддддддддеддддддддддддддддддддддддддддддддддддддддддддддд╢
Ё    5  Ё( 1.100E-01, 1.192E-07)Ё( 1.100E-01, 1.192E-07) (-1.197E+00,-6.949E-01)Ё
Ё 1/   5Ё( 0.000E+00, 0.000E+00)Ё( 6.064E+00, 4.198E+00) (-2.506E+01,-1.719E+01)Ё
Ё       Ё                       Ё( 6.646E+01, 4.514E+01) (-1.078E+02,-7.309E+01)Ё
Ё       Ё                       Ё( 1.050E+02, 7.112E+01) (-5.649E+01,-3.818E+01)Ё
Ё       Ё                       Ё( 1.289E+01, 8.683E+00)                        Ё
юдддддддадддддддддддддддддддддддаддддддддддддддддддддддддддддддддддддддддддддддды

                   PORT VOLTAGES, CURRENTS AND COMPLEX POWERS
                   дддддддддддддддддддддддддддддддддддддддддд
  здддбдддддддддддддддддддддддбдддддддддддддддддддддддбддддддддддддддддддддддд©
  Ё # Ё     voltage  [ V]     Ё     current [mA]      Ё  complex power [ VA]  Ё
  фмммьмммммммммммммммммммммммьмммммммммммммммммммммммьммммммммммммммммммммммм╣
  Ё  1Ё(    68.870,  -100.676)Ё(   110.000,-3.205E-06)Ё(     7.576,   -11.074)Ё
  цдддедддддддддддддддддддддддедддддддддддддддддддддддеддддддддддддддддддддддд╢
  Ё  2Ё(    76.347,  -118.023)Ё(   110.000,-1.641E-06)Ё(     8.398,   -12.983)Ё
  цдддедддддддддддддддддддддддедддддддддддддддддддддддеддддддддддддддддддддддд╢
  Ё  3Ё(    76.342,  -118.025)Ё(   110.000,-9.645E-07)Ё(     8.398,   -12.983)Ё
  цдддедддддддддддддддддддддддедддддддддддддддддддддддеддддддддддддддддддддддд╢
  Ё  4Ё(    68.854,  -100.673)Ё(   110.000, 8.936E-07)Ё(     7.574,   -11.074)Ё
  юдддадддддддддддддддддддддддадддддддддддддддддддддддаддддддддддддддддддддддды

                                POWER BALANCE
                                ддддддддддддд
   зддддддддддддддбдддддддддддддддбдддддддддддддддддддбдддддддддддддддддддд©
   Ёfed power [ W]Ёloss power [ W]Ёradiated power [ W]Ё     efficiency     Ё
   фммммммммммммммьмммммммммммммммьмммммммммммммммммммьмммммммммммммммммммм╣
   Ё      31.945  Ё       0.000   Ё         31.945    Ё100.00% (   0.00 dB)Ё
   юддддддддддддддадддддддддддддддадддддддддддддддддддадддддддддддддддддддды

                                  NEAR FIELDS
                                  ддддддддддд
 зддддддддддбддддддддддбддддддддддбдддддддддддддддддддддбддддддддддддддддддддд©
 Ё  x [ m]  Ё  y [ m]  Ё  z [ m]  Ё    Ex/Ey/Ez [V/m]   Ё    Hx/Hy/Hz [A/m]   Ё
 фммммммммммьммммммммммьммммммммммьмммммммммммммммммммммьммммммммммммммммммммм╣
 Ё     0.900Ё     0.000Ё     0.000Ё( 1.15E-03, 2.77E-05)Ё( 0.00E+00, 0.00E+00)Ё
 Ё          Ё          Ё          Ё( 0.00E+00, 0.00E+00)Ё(-1.15E-01,-1.26E-01)Ё
 Ё          Ё          Ё          Ё( 4.20E+01, 4.69E+01)Ё( 0.00E+00, 0.00E+00)Ё
 цддддддддддеддддддддддеддддддддддедддддддддддддддддддддеддддддддддддддддддддд╢
 Ё     1.191Ё     0.000Ё     0.000Ё(-3.25E-04, 7.15E-04)Ё( 0.00E+00, 0.00E+00)Ё
 Ё          Ё          Ё          Ё( 0.00E+00, 0.00E+00)Ё( 1.88E-02,-1.33E-01)Ё
 Ё          Ё          Ё          Ё(-7.27E+00, 4.95E+01)Ё( 0.00E+00, 0.00E+00)Ё
 цддддддддддеддддддддддеддддддддддедддддддддддддддддддддеддддддддддддддддддддд╢
 Ё     1.482Ё     0.000Ё     0.000Ё(-6.09E-04, 6.53E-05)Ё( 0.00E+00, 0.00E+00)Ё
 Ё          Ё          Ё          Ё( 0.00E+00, 0.00E+00)Ё( 9.25E-02,-6.04E-02)Ё
 Ё          Ё          Ё          Ё(-3.46E+01, 2.25E+01)Ё( 0.00E+00, 0.00E+00)Ё
 цддддддддддеддддддддддеддддддддддедддддддддддддддддддддеддддддддддддддддддддд╢
 Ё     1.773Ё     0.000Ё     0.000Ё(-8.60E-04, 1.49E-04)Ё( 0.00E+00, 0.00E+00)Ё
 Ё          Ё          Ё          Ё( 0.00E+00, 0.00E+00)Ё( 9.05E-02, 2.38E-02)Ё
 Ё          Ё          Ё          Ё(-3.39E+01,-8.96E+00)Ё( 0.00E+00, 0.00E+00)Ё
 цддддддддддеддддддддддеддддддддддедддддддддддддддддддддеддддддддддддддддддддд╢
 Ё     2.064Ё     0.000Ё     0.000Ё(-1.61E-04,-2.68E-04)Ё( 0.00E+00, 0.00E+00)Ё
 Ё          Ё          Ё          Ё( 0.00E+00, 0.00E+00)Ё( 3.82E-02, 7.16E-02)Ё
 Ё          Ё          Ё          Ё(-1.43E+01,-2.68E+01)Ё( 0.00E+00, 0.00E+00)Ё
 цддддддддддеддддддддддеддддддддддедддддддддддддддддддддеддддддддддддддддддддд╢
 Ё     2.355Ё     0.000Ё     0.000Ё(-9.42E-05,-3.59E-04)Ё( 0.00E+00, 0.00E+00)Ё
 Ё          Ё          Ё          Ё( 0.00E+00, 0.00E+00)Ё(-2.30E-02, 6.77E-02)Ё
 Ё          Ё          Ё          Ё( 8.65E+00,-2.54E+01)Ё( 0.00E+00, 0.00E+00)Ё
 цддддддддддеддддддддддеддддддддддедддддддддддддддддддддеддддддддддддддддддддд╢
 Ё     2.646Ё     0.000Ё     0.000Ё( 1.87E-04, 1.07E-04)Ё( 0.00E+00, 0.00E+00)Ё
 Ё          Ё          Ё          Ё( 0.00E+00, 0.00E+00)Ё(-5.80E-02, 2.67E-02)Ё
 Ё          Ё          Ё          Ё( 2.18E+01,-1.00E+01)Ё( 0.00E+00, 0.00E+00)Ё
 цддддддддддеддддддддддеддддддддддедддддддддддддддддддддеддддддддддддддддддддд╢
 Ё     2.937Ё     0.000Ё     0.000Ё( 2.26E-04, 2.14E-04)Ё( 0.00E+00, 0.00E+00)Ё
 Ё          Ё          Ё          Ё( 0.00E+00, 0.00E+00)Ё(-5.37E-02,-2.13E-02)Ё
 Ё          Ё          Ё          Ё( 2.02E+01, 8.01E+00)Ё( 0.00E+00, 0.00E+00)Ё
 цддддддддддеддддддддддеддддддддддедддддддддддддддддддддеддддддддддддддддддддд╢
 Ё     3.228Ё     0.000Ё     0.000Ё(-1.19E-04, 6.82E-05)Ё( 0.00E+00, 0.00E+00)Ё
 Ё          Ё          Ё          Ё( 0.00E+00, 0.00E+00)Ё(-1.99E-02,-4.88E-02)Ё
 Ё          Ё          Ё          Ё( 7.46E+00, 1.83E+01)Ё( 0.00E+00, 0.00E+00)Ё
 цддддддддддеддддддддддеддддддддддедддддддддддддддддддддеддддддддддддддддддддд╢
 Ё     3.519Ё     0.000Ё     0.000Ё(-9.17E-05, 7.05E-05)Ё( 0.00E+00, 0.00E+00)Ё
 Ё          Ё          Ё          Ё( 0.00E+00, 0.00E+00)Ё( 1.96E-02,-4.42E-02)Ё
 Ё          Ё          Ё          Ё(-7.39E+00, 1.66E+01)Ё( 0.00E+00, 0.00E+00)Ё
 цддддддддддеддддддддддеддддддддддедддддддддддддддддддддеддддддддддддддддддддд╢
 Ё     3.810Ё     0.000Ё     0.000Ё(-1.63E-04,-1.07E-04)Ё( 0.00E+00, 0.00E+00)Ё
 Ё          Ё          Ё          Ё( 0.00E+00, 0.00E+00)Ё( 4.20E-02,-1.54E-02)Ё
 Ё          Ё          Ё          Ё(-1.58E+01, 5.77E+00)Ё( 0.00E+00, 0.00E+00)Ё
 цддддддддддеддддддддддеддддддддддедддддддддддддддддддддеддддддддддддддддддддд╢
 Ё     4.101Ё     0.000Ё     0.000Ё(-1.06E-04,-7.86E-05)Ё( 0.00E+00, 0.00E+00)Ё
 Ё          Ё          Ё          Ё( 0.00E+00, 0.00E+00)Ё( 3.75E-02, 1.82E-02)Ё
 Ё          Ё          Ё          Ё(-1.41E+01,-6.84E+00)Ё( 0.00E+00, 0.00E+00)Ё
 цддддддддддеддддддддддеддддддддддедддддддддддддддддддддеддддддддддддддддддддд╢
 Ё     4.392Ё     0.000Ё     0.000Ё( 3.31E-05,-1.81E-04)Ё( 0.00E+00, 0.00E+00)Ё
 Ё          Ё          Ё          Ё( 0.00E+00, 0.00E+00)Ё( 1.22E-02, 3.69E-02)Ё
 Ё          Ё          Ё          Ё(-4.58E+00,-1.39E+01)Ё( 0.00E+00, 0.00E+00)Ё
 цддддддддддеддддддддддеддддддддддедддддддддддддддддддддеддддддддддддддддддддд╢
 Ё     4.683Ё     0.000Ё     0.000Ё( 9.72E-06, 2.84E-05)Ё( 0.00E+00, 0.00E+00)Ё
 Ё          Ё          Ё          Ё( 0.00E+00, 0.00E+00)Ё(-1.69E-02, 3.24E-02)Ё
 Ё          Ё          Ё          Ё( 6.36E+00,-1.22E+01)Ё( 0.00E+00, 0.00E+00)Ё
 цддддддддддеддддддддддеддддддддддедддддддддддддддддддддеддддддддддддддддддддд╢
 Ё     4.974Ё     0.000Ё     0.000Ё( 5.50E-05, 7.65E-05)Ё( 0.00E+00, 0.00E+00)Ё
 Ё          Ё          Ё          Ё( 0.00E+00, 0.00E+00)Ё(-3.30E-02, 9.85E-03)Ё
 Ё          Ё          Ё          Ё( 1.24E+01,-3.70E+00)Ё( 0.00E+00, 0.00E+00)Ё
 цддддддддддеддддддддддеддддддддддедддддддддддддддддддддеддддддддддддддддддддд╢
 Ё     5.265Ё     0.000Ё     0.000Ё( 3.01E-05, 8.82E-05)Ё( 0.00E+00, 0.00E+00)Ё
 Ё          Ё          Ё          Ё( 0.00E+00, 0.00E+00)Ё(-2.84E-02,-1.58E-02)Ё
 Ё          Ё          Ё          Ё( 1.07E+01, 5.96E+00)Ё( 0.00E+00, 0.00E+00)Ё
 цддддддддддеддддддддддеддддддддддедддддддддддддддддддддеддддддддддддддддддддд╢
 Ё     5.556Ё     0.000Ё     0.000Ё( 9.57E-05,-3.55E-05)Ё( 0.00E+00, 0.00E+00)Ё
 Ё          Ё          Ё          Ё( 0.00E+00, 0.00E+00)Ё(-8.05E-03,-2.98E-02)Ё
 Ё          Ё          Ё          Ё( 3.03E+00, 1.12E+01)Ё( 0.00E+00, 0.00E+00)Ё
 цддддддддддеддддддддддеддддддддддедддддддддддддддддддддеддддддддддддддддддддд╢
 Ё     5.847Ё     0.000Ё     0.000Ё(-1.25E-04, 1.88E-05)Ё( 0.00E+00, 0.00E+00)Ё
 Ё          Ё          Ё          Ё( 0.00E+00, 0.00E+00)Ё( 1.49E-02,-2.52E-02)Ё
 Ё          Ё          Ё          Ё(-5.61E+00, 9.50E+00)Ё( 0.00E+00, 0.00E+00)Ё
 цддддддддддеддддддддддеддддддддддедддддддддддддддддддддеддддддддддддддддддддд╢
 Ё     6.138Ё     0.000Ё     0.000Ё( 7.20E-05, 3.20E-05)Ё( 0.00E+00, 0.00E+00)Ё
 Ё          Ё          Ё          Ё( 0.00E+00, 0.00E+00)Ё( 2.71E-02,-6.63E-03)Ё
 Ё          Ё          Ё          Ё(-1.02E+01, 2.50E+00)Ё( 0.00E+00, 0.00E+00)Ё
 цддддддддддеддддддддддеддддддддддедддддддддддддддддддддеддддддддддддддддддддд╢
 Ё     6.429Ё     0.000Ё     0.000Ё( 9.68E-05,-9.34E-05)Ё( 0.00E+00, 0.00E+00)Ё
 Ё          Ё          Ё          Ё( 0.00E+00, 0.00E+00)Ё( 2.26E-02, 1.41E-02)Ё
 Ё          Ё          Ё          Ё(-8.52E+00,-5.31E+00)Ё( 0.00E+00, 0.00E+00)Ё
 цддддддддддеддддддддддеддддддддддедддддддддддддддддддддеддддддддддддддддддддд╢
 Ё     6.720Ё     0.000Ё     0.000Ё( 4.65E-05,-1.34E-04)Ё( 0.00E+00, 0.00E+00)Ё
 Ё          Ё          Ё          Ё( 0.00E+00, 0.00E+00)Ё( 5.48E-03, 2.49E-02)Ё
 Ё          Ё          Ё          Ё(-2.06E+00,-9.39E+00)Ё( 0.00E+00, 0.00E+00)Ё
 цддддддддддеддддддддддеддддддддддедддддддддддддддддддддеддддддддддддддддддддд╢
 Ё     7.011Ё     0.000Ё     0.000Ё(-6.47E-05,-2.50E-05)Ё( 0.00E+00, 0.00E+00)Ё
 Ё          Ё          Ё          Ё( 0.00E+00, 0.00E+00)Ё(-1.34E-02, 2.05E-02)Ё
 Ё          Ё          Ё          Ё( 5.05E+00,-7.71E+00)Ё( 0.00E+00, 0.00E+00)Ё
 цддддддддддеддддддддддеддддддддддедддддддддддддддддддддеддддддддддддддддддддд╢
 Ё     7.302Ё     0.000Ё     0.000Ё(-1.86E-05,-6.69E-06)Ё( 0.00E+00, 0.00E+00)Ё
 Ё          Ё          Ё          Ё( 0.00E+00, 0.00E+00)Ё(-2.31E-02, 4.53E-03)Ё
 Ё          Ё          Ё          Ё( 8.68E+00,-1.71E+00)Ё( 0.00E+00, 0.00E+00)Ё
 цддддддддддеддддддддддеддддддддддедддддддддддддддддддддеддддддддддддддддддддд╢
 Ё     7.593Ё     0.000Ё     0.000Ё( 6.04E-05,-4.94E-05)Ё( 0.00E+00, 0.00E+00)Ё
 Ё          Ё          Ё          Ё( 0.00E+00, 0.00E+00)Ё(-1.86E-02,-1.28E-02)Ё
 Ё          Ё          Ё          Ё( 7.02E+00, 4.82E+00)Ё( 0.00E+00, 0.00E+00)Ё
 цддддддддддеддддддддддеддддддддддедддддддддддддддддддддеддддддддддддддддддддд╢
 Ё     7.884Ё     0.000Ё     0.000Ё(-1.91E-06, 5.13E-06)Ё( 0.00E+00, 0.00E+00)Ё
 Ё          Ё          Ё          Ё( 0.00E+00, 0.00E+00)Ё(-3.74E-03,-2.15E-02)Ё
 Ё          Ё          Ё          Ё( 1.41E+00, 8.08E+00)Ё( 0.00E+00, 0.00E+00)Ё
 цддддддддддеддддддддддеддддддддддедддддддддддддддддддддеддддддддддддддддддддд╢
 Ё     8.175Ё     0.000Ё     0.000Ё( 2.88E-05,-8.17E-06)Ё( 0.00E+00, 0.00E+00)Ё
 Ё          Ё          Ё          Ё( 0.00E+00, 0.00E+00)Ё( 1.23E-02,-1.71E-02)Ё
 Ё          Ё          Ё          Ё(-4.62E+00, 6.42E+00)Ё( 0.00E+00, 0.00E+00)Ё
 цддддддддддеддддддддддеддддддддддедддддддддддддддддддддеддддддддддддддддддддд╢
 Ё     8.466Ё     0.000Ё     0.000Ё(-9.86E-05,-4.22E-05)Ё( 0.00E+00, 0.00E+00)Ё
 Ё          Ё          Ё          Ё( 0.00E+00, 0.00E+00)Ё( 2.01E-02,-3.06E-03)Ё
 Ё          Ё          Ё          Ё(-7.55E+00, 1.15E+00)Ё( 0.00E+00, 0.00E+00)Ё
 цддддддддддеддддддддддеддддддддддедддддддддддддддддддддеддддддддддддддддддддд╢
 Ё     8.757Ё     0.000Ё     0.000Ё( 2.57E-05,-1.30E-04)Ё( 0.00E+00, 0.00E+00)Ё
 Ё          Ё          Ё          Ё( 0.00E+00, 0.00E+00)Ё( 1.57E-02, 1.18E-02)Ё
 Ё          Ё          Ё          Ё(-5.91E+00,-4.44E+00)Ё( 0.00E+00, 0.00E+00)Ё
 цддддддддддеддддддддддеддддддддддедддддддддддддддддддддеддддддддддддддддддддд╢
 Ё     9.048Ё     0.000Ё     0.000Ё(-1.04E-05, 5.92E-05)Ё( 0.00E+00, 0.00E+00)Ё
 Ё          Ё          Ё          Ё( 0.00E+00, 0.00E+00)Ё( 2.47E-03, 1.88E-02)Ё
 Ё          Ё          Ё          Ё(-9.32E-01,-7.09E+00)Ё( 0.00E+00, 0.00E+00)Ё
 цддддддддддеддддддддддеддддддддддедддддддддддддддддддддеддддддддддддддддддддд╢
 Ё     9.339Ё     0.000Ё     0.000Ё( 1.82E-05,-1.18E-05)Ё( 0.00E+00, 0.00E+00)Ё
 Ё          Ё          Ё          Ё( 0.00E+00, 0.00E+00)Ё(-1.14E-02, 1.45E-02)Ё
 Ё          Ё          Ё          Ё( 4.28E+00,-5.45E+00)Ё( 0.00E+00, 0.00E+00)Ё
 цддддддддддеддддддддддеддддддддддедддддддддддддддддддддеддддддддддддддддддддд╢
 Ё     9.630Ё     0.000Ё     0.000Ё( 8.05E-05, 4.74E-05)Ё( 0.00E+00, 0.00E+00)Ё
 Ё          Ё          Ё          Ё( 0.00E+00, 0.00E+00)Ё(-1.77E-02, 1.97E-03)Ё
 Ё          Ё          Ё          Ё( 6.68E+00,-7.40E-01)Ё( 0.00E+00, 0.00E+00)Ё
 цддддддддддеддддддддддеддддддддддедддддддддддддддддддддеддддддддддддддддддддд╢
 Ё     9.921Ё     0.000Ё     0.000Ё( 1.77E-06, 4.91E-05)Ё( 0.00E+00, 0.00E+00)Ё
 Ё          Ё          Ё          Ё( 0.00E+00, 0.00E+00)Ё(-1.34E-02,-1.10E-02)Ё
 Ё          Ё          Ё          Ё( 5.05E+00, 4.13E+00)Ё( 0.00E+00, 0.00E+00)Ё
 цддддддддддеддддддддддеддддддддддедддддддддддддддддддддеддддддддддддддддддддд╢
 Ё    10.212Ё     0.000Ё     0.000Ё( 4.21E-05, 8.22E-05)Ё( 0.00E+00, 0.00E+00)Ё
 Ё          Ё          Ё          Ё( 0.00E+00, 0.00E+00)Ё(-1.52E-03,-1.68E-02)Ё
 Ё          Ё          Ё          Ё( 5.72E-01, 6.31E+00)Ё( 0.00E+00, 0.00E+00)Ё
 цддддддддддеддддддддддеддддддддддедддддддддддддддддддддеддддддддддддддддддддд╢
 Ё    10.503Ё     0.000Ё     0.000Ё(-2.16E-05,-1.42E-05)Ё( 0.00E+00, 0.00E+00)Ё
 Ё          Ё          Ё          Ё( 0.00E+00, 0.00E+00)Ё( 1.06E-02,-1.25E-02)Ё
 Ё          Ё          Ё          Ё(-3.99E+00, 4.70E+00)Ё( 0.00E+00, 0.00E+00)Ё
 цддддддддддеддддддддддеддддддддддедддддддддддддддддддддеддддддддддддддддддддд╢
 Ё    10.794Ё     0.000Ё     0.000Ё(-8.46E-06,-5.45E-06)Ё( 0.00E+00, 0.00E+00)Ё
 Ё          Ё          Ё          Ё( 0.00E+00, 0.00E+00)Ё( 1.59E-02,-1.13E-03)Ё
 Ё          Ё          Ё          Ё(-5.98E+00, 4.24E-01)Ё( 0.00E+00, 0.00E+00)Ё
 цддддддддддеддддддддддеддддддддддедддддддддддддддддддддеддддддддддддддддддддд╢
 Ё    11.085Ё     0.000Ё     0.000Ё( 6.20E-05,-6.47E-05)Ё( 0.00E+00, 0.00E+00)Ё
 Ё          Ё          Ё          Ё( 0.00E+00, 0.00E+00)Ё( 1.16E-02, 1.03E-02)Ё
 Ё          Ё          Ё          Ё(-4.37E+00,-3.87E+00)Ё( 0.00E+00, 0.00E+00)Ё
 цддддддддддеддддддддддеддддддддддедддддддддддддддддддддеддддддддддддддддддддд╢
 Ё    11.376Ё     0.000Ё     0.000Ё( 2.09E-06,-2.62E-05)Ё( 0.00E+00, 0.00E+00)Ё
 Ё          Ё          Ё          Ё( 0.00E+00, 0.00E+00)Ё( 7.75E-04, 1.51E-02)Ё
 Ё          Ё          Ё          Ё(-2.92E-01,-5.69E+00)Ё( 0.00E+00, 0.00E+00)Ё
 цддддддддддеддддддддддеддддддддддедддддддддддддддддддддеддддддддддддддддддддд╢
 Ё    11.667Ё     0.000Ё     0.000Ё(-1.54E-05,-6.13E-06)Ё( 0.00E+00, 0.00E+00)Ё
 Ё          Ё          Ё          Ё( 0.00E+00, 0.00E+00)Ё(-9.98E-03, 1.08E-02)Ё
 Ё          Ё          Ё          Ё( 3.76E+00,-4.09E+00)Ё( 0.00E+00, 0.00E+00)Ё
 цддддддддддеддддддддддеддддддддддедддддддддддддддддддддеддддддддддддддддддддд╢
 Ё    11.958Ё     0.000Ё     0.000Ё(-2.43E-05,-8.94E-07)Ё( 0.00E+00, 0.00E+00)Ё
 Ё          Ё          Ё          Ё( 0.00E+00, 0.00E+00)Ё(-1.44E-02, 4.60E-04)Ё
 Ё          Ё          Ё          Ё( 5.41E+00,-1.73E-01)Ё( 0.00E+00, 0.00E+00)Ё
 цддддддддддеддддддддддеддддддддддедддддддддддддддддддддеддддддддддддддддддддд╢
 Ё    12.249Ё     0.000Ё     0.000Ё( 1.83E-05,-5.20E-05)Ё( 0.00E+00, 0.00E+00)Ё
 Ё          Ё          Ё          Ё( 0.00E+00, 0.00E+00)Ё(-1.01E-02,-9.70E-03)Ё
 Ё          Ё          Ё          Ё( 3.82E+00, 3.65E+00)Ё( 0.00E+00, 0.00E+00)Ё
 цддддддддддеддддддддддеддддддддддедддддддддддддддддддддеддддддддддддддддддддд╢
 Ё    12.540Ё     0.000Ё     0.000Ё(-1.19E-05, 1.39E-05)Ё( 0.00E+00, 0.00E+00)Ё
 Ё          Ё          Ё          Ё( 0.00E+00, 0.00E+00)Ё(-1.77E-04,-1.37E-02)Ё
 Ё          Ё          Ё          Ё( 6.65E-02, 5.17E+00)Ё( 0.00E+00, 0.00E+00)Ё
 цддддддддддеддддддддддеддддддддддедддддддддддддддддддддеддддддддддддддддддддд╢
 Ё    12.831Ё     0.000Ё     0.000Ё(-1.12E-05,-2.82E-06)Ё( 0.00E+00, 0.00E+00)Ё
 Ё          Ё          Ё          Ё( 0.00E+00, 0.00E+00)Ё( 9.45E-03,-9.51E-03)Ё
 Ё          Ё          Ё          Ё(-3.56E+00, 3.58E+00)Ё( 0.00E+00, 0.00E+00)Ё
 цддддддддддеддддддддддеддддддддддедддддддддддддддддддддеддддддддддддддддддддд╢
 Ё    13.122Ё     0.000Ё     0.000Ё( 3.08E-05, 5.36E-06)Ё( 0.00E+00, 0.00E+00)Ё
 Ё          Ё          Ё          Ё( 0.00E+00, 0.00E+00)Ё( 1.31E-02, 7.95E-05)Ё
 Ё          Ё          Ё          Ё(-4.94E+00,-3.00E-02)Ё( 0.00E+00, 0.00E+00)Ё
 цддддддддддеддддддддддеддддддддддедддддддддддддддддддддеддддддддддддддддддддд╢
 Ё    13.413Ё     0.000Ё     0.000Ё( 3.34E-05,-5.80E-05)Ё( 0.00E+00, 0.00E+00)Ё
 Ё          Ё          Ё          Ё( 0.00E+00, 0.00E+00)Ё( 8.93E-03, 9.21E-03)Ё
 Ё          Ё          Ё          Ё(-3.36E+00,-3.47E+00)Ё( 0.00E+00, 0.00E+00)Ё
 цддддддддддеддддддддддеддддддддддедддддддддддддддддддддеддддддддддддддддддддд╢
 Ё    13.704Ё     0.000Ё     0.000Ё(-1.04E-05,-2.27E-05)Ё( 0.00E+00, 0.00E+00)Ё
 Ё          Ё          Ё          Ё( 0.00E+00, 0.00E+00)Ё(-3.13E-04, 1.25E-02)Ё
 Ё          Ё          Ё          Ё( 1.18E-01,-4.73E+00)Ё( 0.00E+00, 0.00E+00)Ё
 цддддддддддеддддддддддеддддддддддедддддддддддддддддддддеддддддддддддддддддддд╢
 Ё    13.995Ё     0.000Ё     0.000Ё(-3.22E-05,-3.67E-05)Ё( 0.00E+00, 0.00E+00)Ё
 Ё          Ё          Ё          Ё( 0.00E+00, 0.00E+00)Ё(-8.98E-03, 8.39E-03)Ё
 Ё          Ё          Ё          Ё( 3.38E+00,-3.16E+00)Ё( 0.00E+00, 0.00E+00)Ё
 цддддддддддеддддддддддеддддддддддедддддддддддддддддддддеддддддддддддддддддддд╢
 Ё    14.286Ё     0.000Ё     0.000Ё(-1.30E-06,-5.50E-05)Ё( 0.00E+00, 0.00E+00)Ё
 Ё          Ё          Ё          Ё( 0.00E+00, 0.00E+00)Ё(-1.20E-02,-5.25E-04)Ё
 Ё          Ё          Ё          Ё( 4.53E+00, 1.98E-01)Ё( 0.00E+00, 0.00E+00)Ё
 цддддддддддеддддддддддеддддддддддедддддддддддддддддддддеддддддддддддддддддддд╢
 Ё    14.577Ё     0.000Ё     0.000Ё( 3.07E-05,-4.35E-05)Ё( 0.00E+00, 0.00E+00)Ё
 Ё          Ё          Ё          Ё( 0.00E+00, 0.00E+00)Ё(-7.89E-03,-8.77E-03)Ё
 Ё          Ё          Ё          Ё( 2.97E+00, 3.31E+00)Ё( 0.00E+00, 0.00E+00)Ё
 цддддддддддеддддддддддеддддддддддедддддддддддддддддддддеддддддддддддддддддддд╢
 Ё    14.868Ё     0.000Ё     0.000Ё( 4.14E-05, 1.39E-06)Ё( 0.00E+00, 0.00E+00)Ё
 Ё          Ё          Ё          Ё( 0.00E+00, 0.00E+00)Ё( 7.20E-04,-1.15E-02)Ё
 Ё          Ё          Ё          Ё(-2.71E-01, 4.35E+00)Ё( 0.00E+00, 0.00E+00)Ё
 цддддддддддеддддддддддеддддддддддедддддддддддддддддддддеддддддддддддддддддддд╢
 Ё    15.159Ё     0.000Ё     0.000Ё( 3.12E-05, 2.44E-05)Ё( 0.00E+00, 0.00E+00)Ё
 Ё          Ё          Ё          Ё( 0.00E+00, 0.00E+00)Ё( 8.58E-03,-7.43E-03)Ё
 Ё          Ё          Ё          Ё(-3.23E+00, 2.80E+00)Ё( 0.00E+00, 0.00E+00)Ё
 цддддддддддеддддддддддеддддддддддедддддддддддддддддддддеддддддддддддддддддддд╢
 Ё    15.450Ё     0.000Ё     0.000Ё( 5.29E-05,-1.98E-05)Ё( 0.00E+00, 0.00E+00)Ё
 Ё          Ё          Ё          Ё( 0.00E+00, 0.00E+00)Ё( 1.11E-02, 8.99E-04)Ё
 Ё          Ё          Ё          Ё(-4.18E+00,-3.39E-01)Ё( 0.00E+00, 0.00E+00)Ё
 цддддддддддеддддддддддеддддддддддедддддддддддддддддддддеддддддддддддддддддддд╢
 Ё    15.741Ё     0.000Ё     0.000Ё( 7.11E-06, 1.86E-06)Ё( 0.00E+00, 0.00E+00)Ё
 Ё          Ё          Ё          Ё( 0.00E+00, 0.00E+00)Ё( 7.00E-03, 8.39E-03)Ё
 Ё          Ё          Ё          Ё(-2.64E+00,-3.16E+00)Ё( 0.00E+00, 0.00E+00)Ё
 цддддддддддеддддддддддеддддддддддедддддддддддддддддддддеддддддддддддддддддддд╢
 Ё    16.032Ё     0.000Ё     0.000Ё(-1.18E-05,-2.65E-05)Ё( 0.00E+00, 0.00E+00)Ё
 Ё          Ё          Ё          Ё( 0.00E+00, 0.00E+00)Ё(-1.06E-03, 1.07E-02)Ё
 Ё          Ё          Ё          Ё( 4.01E-01,-4.02E+00)Ё( 0.00E+00, 0.00E+00)Ё
 цддддддддддеддддддддддеддддддддддедддддддддддддддддддддеддддддддддддддддддддд╢
 Ё    16.323Ё     0.000Ё     0.000Ё(-2.97E-05,-6.91E-06)Ё( 0.00E+00, 0.00E+00)Ё
 Ё          Ё          Ё          Ё( 0.00E+00, 0.00E+00)Ё(-8.22E-03, 6.60E-03)Ё
 Ё          Ё          Ё          Ё( 3.10E+00,-2.49E+00)Ё( 0.00E+00, 0.00E+00)Ё
 цддддддддддеддддддддддеддддддддддедддддддддддддддддддддеддддддддддддддддддддд╢
 Ё    16.614Ё     0.000Ё     0.000Ё( 2.42E-05, 8.65E-05)Ё( 0.00E+00, 0.00E+00)Ё
 Ё          Ё          Ё          Ё( 0.00E+00, 0.00E+00)Ё(-1.03E-02,-1.22E-03)Ё
 Ё          Ё          Ё          Ё( 3.87E+00, 4.58E-01)Ё( 0.00E+00, 0.00E+00)Ё
 цддддддддддеддддддддддеддддддддддедддддддддддддддддддддеддддддддддддддддддддд╢
 Ё    16.905Ё     0.000Ё     0.000Ё( 2.76E-05,-3.25E-05)Ё( 0.00E+00, 0.00E+00)Ё
 Ё          Ё          Ё          Ё( 0.00E+00, 0.00E+00)Ё(-6.23E-03,-8.05E-03)Ё
 Ё          Ё          Ё          Ё( 2.35E+00, 3.03E+00)Ё( 0.00E+00, 0.00E+00)Ё
 цддддддддддеддддддддддеддддддддддедддддддддддддддддддддеддддддддддддддддддддд╢
 Ё    17.196Ё     0.000Ё     0.000Ё(-1.35E-05,-3.18E-05)Ё( 0.00E+00, 0.00E+00)Ё
 Ё          Ё          Ё          Ё( 0.00E+00, 0.00E+00)Ё( 1.36E-03,-9.91E-03)Ё
 Ё          Ё          Ё          Ё(-5.11E-01, 3.73E+00)Ё( 0.00E+00, 0.00E+00)Ё
 цддддддддддеддддддддддеддддддддддедддддддддддддддддддддеддддддддддддддддддддд╢
 Ё    17.487Ё     0.000Ё     0.000Ё(-5.66E-05,-2.12E-05)Ё( 0.00E+00, 0.00E+00)Ё
 Ё          Ё          Ё          Ё( 0.00E+00, 0.00E+00)Ё( 7.89E-03,-5.88E-03)Ё
 Ё          Ё          Ё          Ё(-2.97E+00, 2.21E+00)Ё( 0.00E+00, 0.00E+00)Ё
 цддддддддддеддддддддддеддддддддддедддддддддддддддддддддеддддддддддддддддддддд╢
 Ё    17.778Ё     0.000Ё     0.000Ё( 7.84E-06, 9.30E-06)Ё( 0.00E+00, 0.00E+00)Ё
 Ё          Ё          Ё          Ё( 0.00E+00, 0.00E+00)Ё( 9.56E-03, 1.49E-03)Ё
 Ё          Ё          Ё          Ё(-3.60E+00,-5.61E-01)Ё( 0.00E+00, 0.00E+00)Ё
 цддддддддддеддддддддддеддддддддддедддддддддддддддддддддеддддддддддддддддддддд╢
 Ё    18.069Ё     0.000Ё     0.000Ё( 3.69E-06,-5.47E-06)Ё( 0.00E+00, 0.00E+00)Ё
 Ё          Ё          Ё          Ё( 0.00E+00, 0.00E+00)Ё( 5.55E-03, 7.74E-03)Ё
 Ё          Ё          Ё          Ё(-2.09E+00,-2.92E+00)Ё( 0.00E+00, 0.00E+00)Ё
 цддддддддддеддддддддддеддддддддддедддддддддддддддддддддеддддддддддддддддддддд╢
 Ё    18.360Ё     0.000Ё     0.000Ё( 1.68E-05,-1.54E-05)Ё( 0.00E+00, 0.00E+00)Ё
 Ё          Ё          Ё          Ё( 0.00E+00, 0.00E+00)Ё(-1.61E-03, 9.23E-03)Ё
 Ё          Ё          Ё          Ё( 6.07E-01,-3.48E+00)Ё( 0.00E+00, 0.00E+00)Ё
 цддддддддддеддддддддддеддддддддддедддддддддддддддддддддеддддддддддддддддддддд╢
 Ё    18.651Ё     0.000Ё     0.000Ё(-2.48E-05,-2.18E-06)Ё( 0.00E+00, 0.00E+00)Ё
 Ё          Ё          Ё          Ё( 0.00E+00, 0.00E+00)Ё(-7.60E-03, 5.24E-03)Ё
 Ё          Ё          Ё          Ё( 2.86E+00,-1.97E+00)Ё( 0.00E+00, 0.00E+00)Ё
 цддддддддддеддддддддддеддддддддддедддддддддддддддддддддеддддддддддддддддддддд╢
 Ё    18.942Ё     0.000Ё     0.000Ё(-3.14E-06,-4.04E-05)Ё( 0.00E+00, 0.00E+00)Ё
 Ё          Ё          Ё          Ё( 0.00E+00, 0.00E+00)Ё(-8.92E-03,-1.72E-03)Ё
 Ё          Ё          Ё          Ё( 3.36E+00, 6.49E-01)Ё( 0.00E+00, 0.00E+00)Ё
 цддддддддддеддддддддддеддддддддддедддддддддддддддддддддеддддддддддддддддддддд╢
 Ё    19.233Ё     0.000Ё     0.000Ё(-1.29E-05, 2.40E-05)Ё( 0.00E+00, 0.00E+00)Ё
 Ё          Ё          Ё          Ё( 0.00E+00, 0.00E+00)Ё(-4.94E-03,-7.46E-03)Ё
 Ё          Ё          Ё          Ё( 1.86E+00, 2.81E+00)Ё( 0.00E+00, 0.00E+00)Ё
 цддддддддддеддддддддддеддддддддддедддддддддддддддддддддеддддддддддддддддддддд╢
 Ё    19.524Ё     0.000Ё     0.000Ё(-4.57E-05,-2.73E-06)Ё( 0.00E+00, 0.00E+00)Ё
 Ё          Ё          Ё          Ё( 0.00E+00, 0.00E+00)Ё( 1.83E-03,-8.62E-03)Ё
 Ё          Ё          Ё          Ё(-6.89E-01, 3.25E+00)Ё( 0.00E+00, 0.00E+00)Ё
 цддддддддддеддддддддддеддддддддддедддддддддддддддддддддеддддддддддддддддддддд╢
 Ё    19.815Ё     0.000Ё     0.000Ё(-9.16E-06, 3.02E-06)Ё( 0.00E+00, 0.00E+00)Ё
 Ё          Ё          Ё          Ё( 0.00E+00, 0.00E+00)Ё( 7.32E-03,-4.67E-03)Ё
 Ё          Ё          Ё          Ё(-2.76E+00, 1.76E+00)Ё( 0.00E+00, 0.00E+00)Ё
 цддддддддддеддддддддддеддддддддддедддддддддддддддддддддеддддддддддддддддддддд╢
 Ё    20.106Ё     0.000Ё     0.000Ё(-5.16E-06,-3.08E-05)Ё( 0.00E+00, 0.00E+00)Ё
 Ё          Ё          Ё          Ё( 0.00E+00, 0.00E+00)Ё( 8.34E-03, 1.93E-03)Ё
 Ё          Ё          Ё          Ё(-3.14E+00,-7.26E-01)Ё( 0.00E+00, 0.00E+00)Ё
 цддддддддддеддддддддддеддддддддддедддддддддддддддддддддеддддддддддддддддддддд╢
 Ё    20.397Ё     0.000Ё     0.000Ё(-1.73E-05, 3.05E-05)Ё( 0.00E+00, 0.00E+00)Ё
 Ё          Ё          Ё          Ё( 0.00E+00, 0.00E+00)Ё( 4.40E-03, 7.20E-03)Ё
 Ё          Ё          Ё          Ё(-1.66E+00,-2.71E+00)Ё( 0.00E+00, 0.00E+00)Ё
 цддддддддддеддддддддддеддддддддддедддддддддддддддддддддеддддддддддддддддддддд╢
 Ё    20.688Ё     0.000Ё     0.000Ё( 4.56E-05, 1.71E-05)Ё( 0.00E+00, 0.00E+00)Ё
 Ё          Ё          Ё          Ё( 0.00E+00, 0.00E+00)Ё(-2.02E-03, 8.07E-03)Ё
 Ё          Ё          Ё          Ё( 7.61E-01,-3.04E+00)Ё( 0.00E+00, 0.00E+00)Ё
 цддддддддддеддддддддддеддддддддддедддддддддддддддддддддеддддддддддддддддддддд╢
 Ё    20.979Ё     0.000Ё     0.000Ё(-3.23E-05,-3.46E-05)Ё( 0.00E+00, 0.00E+00)Ё
 Ё          Ё          Ё          Ё( 0.00E+00, 0.00E+00)Ё(-7.07E-03, 4.16E-03)Ё
 Ё          Ё          Ё          Ё( 2.66E+00,-1.57E+00)Ё( 0.00E+00, 0.00E+00)Ё
 цддддддддддеддддддддддеддддддддддедддддддддддддддддддддеддддддддддддддддддддд╢
 Ё    21.270Ё     0.000Ё     0.000Ё( 2.01E-05,-7.59E-06)Ё( 0.00E+00, 0.00E+00)Ё
 Ё          Ё          Ё          Ё( 0.00E+00, 0.00E+00)Ё(-7.81E-03,-2.11E-03)Ё
 Ё          Ё          Ё          Ё( 2.94E+00, 7.93E-01)Ё( 0.00E+00, 0.00E+00)Ё
 цддддддддддеддддддддддеддддддддддедддддддддддддддддддддеддддддддддддддддддддд╢
 Ё    21.561Ё     0.000Ё     0.000Ё( 1.83E-05,-4.00E-05)Ё( 0.00E+00, 0.00E+00)Ё
 Ё          Ё          Ё          Ё( 0.00E+00, 0.00E+00)Ё(-3.92E-03,-6.96E-03)Ё
 Ё          Ё          Ё          Ё( 1.48E+00, 2.62E+00)Ё( 0.00E+00, 0.00E+00)Ё
 цддддддддддеддддддддддеддддддддддедддддддддддддддддддддеддддддддддддддддддддд╢
 Ё    21.852Ё     0.000Ё     0.000Ё(-3.50E-05, 8.37E-06)Ё( 0.00E+00, 0.00E+00)Ё
 Ё          Ё          Ё          Ё( 0.00E+00, 0.00E+00)Ё( 2.19E-03,-7.57E-03)Ё
 Ё          Ё          Ё          Ё(-8.24E-01, 2.85E+00)Ё( 0.00E+00, 0.00E+00)Ё
 цддддддддддеддддддддддеддддддддддедддддддддддддддддддддеддддддддддддддддддддд╢
 Ё    22.143Ё     0.000Ё     0.000Ё(-4.57E-06, 1.18E-05)Ё( 0.00E+00, 0.00E+00)Ё
 Ё          Ё          Ё          Ё( 0.00E+00, 0.00E+00)Ё( 6.84E-03,-3.69E-03)Ё
 Ё          Ё          Ё          Ё(-2.58E+00, 1.39E+00)Ё( 0.00E+00, 0.00E+00)Ё
 цддддддддддеддддддддддеддддддддддедддддддддддддддддддддеддддддддддддддддддддд╢
 Ё    22.434Ё     0.000Ё     0.000Ё(-1.01E-05,-2.88E-05)Ё( 0.00E+00, 0.00E+00)Ё
 Ё          Ё          Ё          Ё( 0.00E+00, 0.00E+00)Ё( 7.33E-03, 2.26E-03)Ё
 Ё          Ё          Ё          Ё(-2.76E+00,-8.52E-01)Ё( 0.00E+00, 0.00E+00)Ё
 цддддддддддеддддддддддеддддддддддедддддддддддддддддддддеддддддддддддддддддддд╢
 Ё    22.725Ё     0.000Ё     0.000Ё(-9.61E-06, 2.58E-05)Ё( 0.00E+00, 0.00E+00)Ё
 Ё          Ё          Ё          Ё( 0.00E+00, 0.00E+00)Ё( 3.48E-03, 6.73E-03)Ё
 Ё          Ё          Ё          Ё(-1.31E+00,-2.53E+00)Ё( 0.00E+00, 0.00E+00)Ё
 цддддддддддеддддддддддеддддддддддедддддддддддддддддддддеддддддддддддддддддддд╢
 Ё    23.016Ё     0.000Ё     0.000Ё(-4.94E-05,-3.89E-05)Ё( 0.00E+00, 0.00E+00)Ё
 Ё          Ё          Ё          Ё( 0.00E+00, 0.00E+00)Ё(-2.33E-03, 7.11E-03)Ё
 Ё          Ё          Ё          Ё( 8.79E-01,-2.68E+00)Ё( 0.00E+00, 0.00E+00)Ё
 цддддддддддеддддддддддеддддддддддедддддддддддддддддддддеддддддддддддддддддддд╢
 Ё    23.307Ё     0.000Ё     0.000Ё(-2.73E-05,-2.74E-05)Ё( 0.00E+00, 0.00E+00)Ё
 Ё          Ё          Ё          Ё( 0.00E+00, 0.00E+00)Ё(-6.62E-03, 3.27E-03)Ё
 Ё          Ё          Ё          Ё( 2.49E+00,-1.23E+00)Ё( 0.00E+00, 0.00E+00)Ё
 цддддддддддеддддддддддеддддддддддедддддддддддддддддддддеддддддддддддддддддддд╢
 Ё    23.598Ё     0.000Ё     0.000Ё(-2.08E-05, 1.22E-05)Ё( 0.00E+00, 0.00E+00)Ё
 Ё          Ё          Ё          Ё( 0.00E+00, 0.00E+00)Ё(-6.89E-03,-2.40E-03)Ё
 Ё          Ё          Ё          Ё( 2.59E+00, 9.04E-01)Ё( 0.00E+00, 0.00E+00)Ё
 цддддддддддеддддддддддеддддддддддедддддддддддддддддддддеддддддддддддддддддддд╢
 Ё    23.889Ё     0.000Ё     0.000Ё(-3.22E-06,-9.16E-06)Ё( 0.00E+00, 0.00E+00)Ё
 Ё          Ё          Ё          Ё( 0.00E+00, 0.00E+00)Ё(-3.08E-03,-6.52E-03)Ё
 Ё          Ё          Ё          Ё( 1.16E+00, 2.45E+00)Ё( 0.00E+00, 0.00E+00)Ё
 цддддддддддеддддддддддеддддддддддедддддддддддддддддддддеддддддддддддддддддддд╢
 Ё    24.180Ё     0.000Ё     0.000Ё( 2.08E-05, 7.64E-06)Ё( 0.00E+00, 0.00E+00)Ё
 Ё          Ё          Ё          Ё( 0.00E+00, 0.00E+00)Ё( 2.46E-03,-6.68E-03)Ё
 Ё          Ё          Ё          Ё(-9.28E-01, 2.52E+00)Ё( 0.00E+00, 0.00E+00)Ё
 цддддддддддеддддддддддеддддддддддедддддддддддддддддддддеддддддддддддддддддддд╢
 Ё    24.471Ё     0.000Ё     0.000Ё( 2.50E-06, 4.92E-06)Ё( 0.00E+00, 0.00E+00)Ё
 Ё          Ё          Ё          Ё( 0.00E+00, 0.00E+00)Ё( 6.41E-03,-2.89E-03)Ё
 Ё          Ё          Ё          Ё(-2.42E+00, 1.09E+00)Ё( 0.00E+00, 0.00E+00)Ё
 цддддддддддеддддддддддеддддддддддедддддддддддддддддддддеддддддддддддддддддддд╢
 Ё    24.762Ё     0.000Ё     0.000Ё( 1.63E-05, 7.72E-06)Ё( 0.00E+00, 0.00E+00)Ё
 Ё          Ё          Ё          Ё( 0.00E+00, 0.00E+00)Ё( 6.48E-03, 2.52E-03)Ё
 Ё          Ё          Ё          Ё(-2.44E+00,-9.50E-01)Ё( 0.00E+00, 0.00E+00)Ё
 цддддддддддеддддддддддеддддддддддедддддддддддддддддддддеддддддддддддддддддддд╢
 Ё    25.053Ё     0.000Ё     0.000Ё(-1.66E-05, 5.77E-06)Ё( 0.00E+00, 0.00E+00)Ё
 Ё          Ё          Ё          Ё( 0.00E+00, 0.00E+00)Ё( 2.71E-03, 6.31E-03)Ё
 Ё          Ё          Ё          Ё(-1.02E+00,-2.38E+00)Ё( 0.00E+00, 0.00E+00)Ё
 цддддддддддеддддддддддеддддддддддедддддддддддддддддддддеддддддддддддддддддддд╢
 Ё    25.344Ё     0.000Ё     0.000Ё( 2.81E-05, 2.89E-05)Ё( 0.00E+00, 0.00E+00)Ё
 Ё          Ё          Ё          Ё( 0.00E+00, 0.00E+00)Ё(-2.58E-03, 6.28E-03)Ё
 Ё          Ё          Ё          Ё( 9.71E-01,-2.37E+00)Ё( 0.00E+00, 0.00E+00)Ё
 цддддддддддеддддддддддеддддддддддедддддддддддддддддддддеддддддддддддддддддддд╢
 Ё    25.635Ё     0.000Ё     0.000Ё( 3.48E-05, 1.02E-05)Ё( 0.00E+00, 0.00E+00)Ё
 Ё          Ё          Ё          Ё( 0.00E+00, 0.00E+00)Ё(-6.22E-03, 2.54E-03)Ё
 Ё          Ё          Ё          Ё( 2.34E+00,-9.56E-01)Ё( 0.00E+00, 0.00E+00)Ё
 цддддддддддеддддддддддеддддддддддедддддддддддддддддддддеддддддддддддддддддддд╢
 Ё    25.926Ё     0.000Ё     0.000Ё( 2.44E-06, 4.25E-06)Ё( 0.00E+00, 0.00E+00)Ё
 Ё          Ё          Ё          Ё( 0.00E+00, 0.00E+00)Ё(-6.10E-03,-2.63E-03)Ё
 Ё          Ё          Ё          Ё( 2.30E+00, 9.90E-01)Ё( 0.00E+00, 0.00E+00)Ё
 цддддддддддеддддддддддеддддддддддедддддддддддддддддддддеддддддддддддддддддддд╢
 Ё    26.217Ё     0.000Ё     0.000Ё( 1.16E-05, 4.10E-07)Ё( 0.00E+00, 0.00E+00)Ё
 Ё          Ё          Ё          Ё( 0.00E+00, 0.00E+00)Ё(-2.37E-03,-6.12E-03)Ё
 Ё          Ё          Ё          Ё( 8.94E-01, 2.31E+00)Ё( 0.00E+00, 0.00E+00)Ё
 цддддддддддеддддддддддеддддддддддедддддддддддддддддддддеддддддддддддддддддддд╢
 Ё    26.508Ё     0.000Ё     0.000Ё( 4.02E-06, 7.68E-06)Ё( 0.00E+00, 0.00E+00)Ё
 Ё          Ё          Ё          Ё( 0.00E+00, 0.00E+00)Ё( 2.68E-03,-5.92E-03)Ё
 Ё          Ё          Ё          Ё(-1.01E+00, 2.23E+00)Ё( 0.00E+00, 0.00E+00)Ё
 цддддддддддеддддддддддеддддддддддедддддддддддддддддддддеддддддддддддддддддддд╢
 Ё    26.799Ё     0.000Ё     0.000Ё( 5.85E-06, 9.99E-06)Ё( 0.00E+00, 0.00E+00)Ё
 Ё          Ё          Ё          Ё( 0.00E+00, 0.00E+00)Ё( 6.03E-03,-2.21E-03)Ё
 Ё          Ё          Ё          Ё(-2.27E+00, 8.34E-01)Ё( 0.00E+00, 0.00E+00)Ё
 цддддддддддеддддддддддеддддддддддедддддддддддддддддддддеддддддддддддддддддддд╢
 Ё    27.090Ё     0.000Ё     0.000Ё(-6.25E-06, 5.23E-06)Ё( 0.00E+00, 0.00E+00)Ё
 Ё          Ё          Ё          Ё( 0.00E+00, 0.00E+00)Ё( 5.74E-03, 2.72E-03)Ё
 Ё          Ё          Ё          Ё(-2.16E+00,-1.03E+00)Ё( 0.00E+00, 0.00E+00)Ё
 цддддддддддеддддддддддеддддддддддедддддддддддддддддддддеддддддддддддддддддддд╢
 Ё    27.381Ё     0.000Ё     0.000Ё( 6.13E-06, 5.47E-06)Ё( 0.00E+00, 0.00E+00)Ё
 Ё          Ё          Ё          Ё( 0.00E+00, 0.00E+00)Ё( 2.06E-03, 5.94E-03)Ё
 Ё          Ё          Ё          Ё(-7.76E-01,-2.24E+00)Ё( 0.00E+00, 0.00E+00)Ё
 цддддддддддеддддддддддеддддддддддедддддддддддддддддддддеддддддддддддддддддддд╢
 Ё    27.672Ё     0.000Ё     0.000Ё(-1.42E-05,-1.22E-05)Ё( 0.00E+00, 0.00E+00)Ё
 Ё          Ё          Ё          Ё( 0.00E+00, 0.00E+00)Ё(-2.76E-03, 5.57E-03)Ё
 Ё          Ё          Ё          Ё( 1.04E+00,-2.10E+00)Ё( 0.00E+00, 0.00E+00)Ё
 цддддддддддеддддддддддеддддддддддедддддддддддддддддддддеддддддддддддддддддддд╢
 Ё    27.963Ё     0.000Ё     0.000Ё(-6.97E-06,-3.82E-06)Ё( 0.00E+00, 0.00E+00)Ё
 Ё          Ё          Ё          Ё( 0.00E+00, 0.00E+00)Ё(-5.85E-03, 1.91E-03)Ё
 Ё          Ё          Ё          Ё( 2.20E+00,-7.21E-01)Ё( 0.00E+00, 0.00E+00)Ё
 цддддддддддеддддддддддеддддддддддедддддддддддддддддддддеддддддддддддддддддддд╢
 Ё    28.254Ё     0.000Ё     0.000Ё(-9.53E-06,-2.85E-06)Ё( 0.00E+00, 0.00E+00)Ё
 Ё          Ё          Ё          Ё( 0.00E+00, 0.00E+00)Ё(-5.41E-03,-2.80E-03)Ё
 Ё          Ё          Ё          Ё( 2.04E+00, 1.06E+00)Ё( 0.00E+00, 0.00E+00)Ё
 цддддддддддеддддддддддеддддддддддедддддддддддддддддддддеддддддддддддддддддддд╢
 Ё    28.545Ё     0.000Ё     0.000Ё( 4.38E-05,-4.51E-05)Ё( 0.00E+00, 0.00E+00)Ё
 Ё          Ё          Ё          Ё( 0.00E+00, 0.00E+00)Ё(-1.77E-03,-5.77E-03)Ё
 Ё          Ё          Ё          Ё( 6.68E-01, 2.17E+00)Ё( 0.00E+00, 0.00E+00)Ё
 цддддддддддеддддддддддеддддддддддедддддддддддддддддддддеддддддддддддддддддддд╢
 Ё    28.836Ё     0.000Ё     0.000Ё(-1.50E-05,-1.08E-05)Ё( 0.00E+00, 0.00E+00)Ё
 Ё          Ё          Ё          Ё( 0.00E+00, 0.00E+00)Ё( 2.84E-03,-5.25E-03)Ё
 Ё          Ё          Ё          Ё(-1.07E+00, 1.98E+00)Ё( 0.00E+00, 0.00E+00)Ё
 цддддддддддеддддддддддеддддддддддедддддддддддддддддддддеддддддддддддддддддддд╢
 Ё    29.127Ё     0.000Ё     0.000Ё( 8.76E-06,-1.42E-05)Ё( 0.00E+00, 0.00E+00)Ё
 Ё          Ё          Ё          Ё( 0.00E+00, 0.00E+00)Ё( 5.68E-03,-1.64E-03)Ё
 Ё          Ё          Ё          Ё(-2.14E+00, 6.16E-01)Ё( 0.00E+00, 0.00E+00)Ё
 цддддддддддеддддддддддеддддддддддедддддддддддддддддддддеддддддддддддддддддддд╢
 Ё    29.418Ё     0.000Ё     0.000Ё(-4.53E-06, 2.53E-06)Ё( 0.00E+00, 0.00E+00)Ё
 Ё          Ё          Ё          Ё( 0.00E+00, 0.00E+00)Ё( 5.10E-03, 2.88E-03)Ё
 Ё          Ё          Ё          Ё(-1.92E+00,-1.08E+00)Ё( 0.00E+00, 0.00E+00)Ё
 цддддддддддеддддддддддеддддддддддедддддддддддддддддддддеддддддддддддддддддддд╢
 Ё    29.709Ё     0.000Ё     0.000Ё( 8.27E-06, 2.50E-06)Ё( 0.00E+00, 0.00E+00)Ё
 Ё          Ё          Ё          Ё( 0.00E+00, 0.00E+00)Ё( 1.50E-03, 5.60E-03)Ё
 Ё          Ё          Ё          Ё(-5.67E-01,-2.11E+00)Ё( 0.00E+00, 0.00E+00)Ё
 цддддддддддеддддддддддеддддддддддедддддддддддддддддддддеддддддддддддддддддддд╢
 Ё    30.000Ё     0.000Ё     0.000Ё(-8.73E-06,-4.61E-06)Ё( 0.00E+00, 0.00E+00)Ё
 Ё          Ё          Ё          Ё( 0.00E+00, 0.00E+00)Ё(-2.91E-03, 4.95E-03)Ё
 Ё          Ё          Ё          Ё( 1.10E+00,-1.86E+00)Ё( 0.00E+00, 0.00E+00)Ё
 юддддддддддаддддддддддаддддддддддадддддддддддддддддддддаддддддддддддддддддддды

                            RADIATED ELECTRIC FIELD
                            ддддддддддддддддддддддд
    здддддддбдддддддбдддддддддддддддддддддбдддддддддддддддддддддбдддддддддд©
    Ё И [Ь] Ё М [Ь] Ё  rEИ/exp(-jkr) [V]  Ё  rEМ/exp(-jkr) [V]  Ёgain [dBi]Ё
    фмммммммьмммммммьмммммммммммммммммммммьмммммммммммммммммммммьмммммммммм╣
    Ё -90.00Ё   0.00Ё( 5.23E+01,-3.84E+01)Ё( 0.00E+00, 0.00E+00)Ё    6.43  Ё
    цдддддддедддддддедддддддддддддддддддддедддддддддддддддддддддедддддддддд╢
    Ё -84.00Ё   0.00Ё( 4.84E+01,-3.52E+01)Ё( 0.00E+00, 0.00E+00)Ё    5.73  Ё
    цдддддддедддддддедддддддддддддддддддддедддддддддддддддддддддедддддддддд╢
    Ё -78.00Ё   0.00Ё( 3.78E+01,-2.70E+01)Ё( 0.00E+00, 0.00E+00)Ё    3.52  Ё
    цдддддддедддддддедддддддддддддддддддддедддддддддддддддддддддедддддддддд╢
    Ё -72.00Ё   0.00Ё( 2.38E+01,-1.66E+01)Ё( 0.00E+00, 0.00E+00)Ё   -0.55  Ё
    цдддддддедддддддедддддддддддддддддддддедддддддддддддддддддддедддддддддд╢
    Ё -66.00Ё   0.00Ё( 1.03E+01,-6.95E+00)Ё( 0.00E+00, 0.00E+00)Ё   -7.95  Ё
    цдддддддедддддддедддддддддддддддддддддедддддддддддддддддддддедддддддддд╢
    Ё -60.00Ё   0.00Ё(-3.24E-01, 3.76E-02)Ё( 0.00E+00, 0.00E+00)Ё  -39.55  Ё
    цдддддддедддддддедддддддддддддддддддддедддддддддддддддддддддедддддддддд╢
    Ё -54.00Ё   0.00Ё(-6.98E+00, 4.04E+00)Ё( 0.00E+00, 0.00E+00)Ё  -11.68  Ё
    цдддддддедддддддедддддддддддддддддддддедддддддддддддддддддддедддддддддд╢
    Ё -48.00Ё   0.00Ё(-1.01E+01, 5.73E+00)Ё( 0.00E+00, 0.00E+00)Ё   -8.51  Ё
    цдддддддедддддддедддддддддддддддддддддедддддддддддддддддддддедддддддддд╢
    Ё -42.00Ё   0.00Ё(-1.08E+01, 6.06E+00)Ё( 0.00E+00, 0.00E+00)Ё   -7.98  Ё
    цдддддддедддддддедддддддддддддддддддддедддддддддддддддддддддедддддддддд╢
    Ё -36.00Ё   0.00Ё(-9.97E+00, 5.75E+00)Ё( 0.00E+00, 0.00E+00)Ё   -8.59  Ё
    цдддддддедддддддедддддддддддддддддддддедддддддддддддддддддддедддддддддд╢
    Ё -30.00Ё   0.00Ё(-8.50E+00, 5.16E+00)Ё( 0.00E+00, 0.00E+00)Ё   -9.86  Ё
    цдддддддедддддддедддддддддддддддддддддедддддддддддддддддддддедддддддддд╢
    Ё -24.00Ё   0.00Ё(-6.78E+00, 4.40E+00)Ё( 0.00E+00, 0.00E+00)Ё  -11.66  Ё
    цдддддддедддддддедддддддддддддддддддддедддддддддддддддддддддедддддддддд╢
    Ё -18.00Ё   0.00Ё(-5.03E+00, 3.48E+00)Ё( 0.00E+00, 0.00E+00)Ё  -14.08  Ё
    цдддддддедддддддедддддддддддддддддддддедддддддддддддддддддддедддддддддд╢
    Ё -12.00Ё   0.00Ё(-3.31E+00, 2.42E+00)Ё( 0.00E+00, 0.00E+00)Ё  -17.56  Ё
    цдддддддедддддддедддддддддддддддддддддедддддддддддддддддддддедддддддддд╢
    Ё  -6.00Ё   0.00Ё(-1.64E+00, 1.24E+00)Ё( 0.00E+00, 0.00E+00)Ё  -23.55  Ё
    цдддддддедддддддедддддддддддддддддддддедддддддддддддддддддддедддддддддд╢
    Ё   0.00Ё   0.00Ё( 0.00E+00, 0.00E+00)Ё( 0.00E+00, 0.00E+00)Ё -999.90  Ё
    цдддддддедддддддедддддддддддддддддддддедддддддддддддддддддддедддддддддд╢
    Ё   6.00Ё   0.00Ё( 1.64E+00,-1.24E+00)Ё( 0.00E+00, 0.00E+00)Ё  -23.55  Ё
    цдддддддедддддддедддддддддддддддддддддедддддддддддддддддддддедддддддддд╢
    Ё  12.00Ё   0.00Ё( 3.31E+00,-2.42E+00)Ё( 0.00E+00, 0.00E+00)Ё  -17.56  Ё
    цдддддддедддддддедддддддддддддддддддддедддддддддддддддддддддедддддддддд╢
    Ё  18.00Ё   0.00Ё( 5.03E+00,-3.48E+00)Ё( 0.00E+00, 0.00E+00)Ё  -14.08  Ё
    цдддддддедддддддедддддддддддддддддддддедддддддддддддддддддддедддддддддд╢
    Ё  24.00Ё   0.00Ё( 6.78E+00,-4.40E+00)Ё( 0.00E+00, 0.00E+00)Ё  -11.66  Ё
    цдддддддедддддддедддддддддддддддддддддедддддддддддддддддддддедддддддддд╢
    Ё  30.00Ё   0.00Ё( 8.50E+00,-5.16E+00)Ё( 0.00E+00, 0.00E+00)Ё   -9.86  Ё
    цдддддддедддддддедддддддддддддддддддддедддддддддддддддддддддедддддддддд╢
    Ё  36.00Ё   0.00Ё( 9.97E+00,-5.75E+00)Ё( 0.00E+00, 0.00E+00)Ё   -8.59  Ё
    цдддддддедддддддедддддддддддддддддддддедддддддддддддддддддддедддддддддд╢
    Ё  42.00Ё   0.00Ё( 1.08E+01,-6.06E+00)Ё( 0.00E+00, 0.00E+00)Ё   -7.98  Ё
    цдддддддедддддддедддддддддддддддддддддедддддддддддддддддддддедддддддддд╢
    Ё  48.00Ё   0.00Ё( 1.01E+01,-5.73E+00)Ё( 0.00E+00, 0.00E+00)Ё   -8.51  Ё
    цдддддддедддддддедддддддддддддддддддддедддддддддддддддддддддедддддддддд╢
    Ё  54.00Ё   0.00Ё( 6.98E+00,-4.04E+00)Ё( 0.00E+00, 0.00E+00)Ё  -11.68  Ё
    цдддддддедддддддедддддддддддддддддддддедддддддддддддддддддддедддддддддд╢
    Ё  60.00Ё   0.00Ё( 3.24E-01,-3.76E-02)Ё( 0.00E+00, 0.00E+00)Ё  -39.55  Ё
    цдддддддедддддддедддддддддддддддддддддедддддддддддддддддддддедддддддддд╢
    Ё  66.00Ё   0.00Ё(-1.03E+01, 6.95E+00)Ё( 0.00E+00, 0.00E+00)Ё   -7.95  Ё
    цдддддддедддддддедддддддддддддддддддддедддддддддддддддддддддедддддддддд╢
    Ё  72.00Ё   0.00Ё(-2.38E+01, 1.66E+01)Ё( 0.00E+00, 0.00E+00)Ё   -0.55  Ё
    цдддддддедддддддедддддддддддддддддддддедддддддддддддддддддддедддддддддд╢
    Ё  78.00Ё   0.00Ё(-3.78E+01, 2.70E+01)Ё( 0.00E+00, 0.00E+00)Ё    3.52  Ё
    цдддддддедддддддедддддддддддддддддддддедддддддддддддддддддддедддддддддд╢
    Ё  84.00Ё   0.00Ё(-4.84E+01, 3.52E+01)Ё( 0.00E+00, 0.00E+00)Ё    5.73  Ё
    цдддддддедддддддедддддддддддддддддддддедддддддддддддддддддддедддддддддд╢
    Ё  90.00Ё   0.00Ё(-5.23E+01, 3.84E+01)Ё( 0.00E+00, 0.00E+00)Ё    6.43  Ё
    юдддддддадддддддадддддддддддддддддддддадддддддддддддддддддддадддддддддды
